<?xml version="1.0" encoding="UTF-8"?>
<!-- Generated by org.testng.reporters.JUnitXMLReporter -->
<testsuite hostname="chenziyang" name="Test" tests="15" failures="0" timestamp="30 Aug 2017 02:00:26 GMT" time="384.405" errors="0">
  <testcase name="startProject" time="15.587" classname="CreatProject.StartAProject"/>
  <testcase name="basicInfoSeting" time="14.905" classname="ProjectInfoManage.BasicInfoSetting"/>
  <testcase name="otherSeting" time="14.691" classname="ProjectInfoManage.OtherSetting"/>
  <testcase name="importcenji" time="24.633" classname="Set_up_project.ImportCenjiZidian"/>
  <testcase name="importxueke" time="25.221" classname="Set_up_project.ImportXuekezidian"/>
  <testcase name="importBanJi" time="23.256" classname="Set_up_project.ClassManage"/>
  <testcase name="selectTools" time="17.714" classname="toolsmanage.SelectTools"/>
  <testcase name="importBanJi" time="24.706" classname="toolsmanage.AddAnnouncement"/>
  <testcase name="importBanJi" time="24.867" classname="toolsmanage.ToosSettiing"/>
  <testcase name="importBanJi" time="34.151" classname="rolemanage.RequiredFildSeting"/>
  <testcase name="setPermission" time="35.023" classname="rolemanage.PermissionSetting"/>
  <testcase name="creatCards" time="33.753" classname="RegistrationCardManager.CreatCard"/>
  <testcase name="importpersons" time="49.01" classname="peopleManage.ImprotFourKindsofPerson"/>
  <testcase name="theEndSave" time="22.942" classname="Set_up_project.SaveTools"/>
  <testcase name="loadStaticPage" time="23.898" classname="Set_up_project.LoadStaticPage"/>
</testsuite> <!-- Test -->
